Encoder: class com.chromamorph.points018.COSIATECEncoding
Input file: /Users/dave/Documents/Work/Research/2015-02-07-workspace/ContrapunctusVI/score.midi
Output file set: /Users/dave/Documents/Work/Research/2015-02-07-workspace/ContrapunctusVI//score.midi-diat
computeVectorTable...completed
computeMtpCisPairs...completed: 91430 MTPs found
removeTranslationallyEquivalentMtps...DONE: 72289 translationally distinct MTPs
Finding best TEC

Best TEC: (4.89,0.86) T(P(p(4320,32),p(4416,33),p(4896,34),p(4992,33),p(5088,32),p(5184,31)),V(v(0,0),v(1728,-7),v(3264,-1),v(12480,-3),v(12864,-14),v(22272,0),v(51648,-18),v(53952,-2),v(55104,1),v(57600,-2),v(70080,-14),v(78336,-13),v(83904,0),v(89856,-9),v(91488,-11),v(93888,-12),v(96000,-14),v(96960,-7),v(97344,-12),v(110784,-11),v(113856,-4),v(114624,-11)))
computeVectorTable...completed
computeMtpCisPairs...completed: 89102 MTPs found
removeTranslationallyEquivalentMtps...DONE: 68874 translationally distinct MTPs
Finding best TEC

Best TEC: (4.29,1.00) T(P(p(4224,28),p(4512,27),p(4608,26),p(4896,25),p(4992,24)),V(v(0,0),v(10752,-5),v(10752,4),v(27648,2),v(28032,0),v(28800,-6),v(30336,-7),v(33408,2),v(38016,2),v(45312,5),v(49920,-11),v(53760,-4),v(66816,0),v(68352,-7),v(78336,5),v(79104,-1),v(81216,-3),v(82176,7),v(84480,0),v(91392,-12),v(94656,-12),v(95232,0),v(95616,-4),v(100224,-8),v(101760,-9),v(104832,-6),v(104832,-4),v(105600,-8),v(109056,-4),v(112128,3)))
computeVectorTable...completed
computeMtpCisPairs...completed: 87494 MTPs found
removeTranslationallyEquivalentMtps...DONE: 66326 translationally distinct MTPs
Finding best TEC

Best TEC: (3.82,1.00) T(P(p(1536,35),p(2208,32),p(2304,33),p(2592,34),p(2688,35)),V(v(0,0),v(19968,-14),v(22272,0),v(28800,-16),v(32640,-7),v(36864,-12),v(46080,-7),v(54528,-11),v(61440,-9),v(76416,-22),v(78720,-23),v(100608,-9),v(115584,-11)))
computeVectorTable...completed
computeMtpCisPairs...completed: 85685 MTPs found
removeTranslationallyEquivalentMtps...DONE: 64513 translationally distinct MTPs
Finding best TEC

Best TEC: (3.57,1.00) T(P(p(5664,20),p(5760,19),p(6048,18),p(6144,17)),V(v(0,0),v(1536,-6),v(3072,2),v(5376,11),v(6144,15),v(13824,3),v(15360,6),v(17664,7),v(23040,7),v(25344,11),v(36864,0),v(46080,0),v(59904,2),v(60672,-8),v(61440,-4),v(62208,0),v(63744,13),v(85440,8),v(85632,6),v(86208,0),v(86400,-2),v(90048,-3),v(91008,2),v(92352,-2),v(93696,-7)))
computeVectorTable...completed
computeMtpCisPairs...completed: 83128 MTPs found
removeTranslationallyEquivalentMtps...DONE: 61475 translationally distinct MTPs
Finding best TEC

Best TEC: (3.57,1.00) T(P(p(6432,10),p(6528,11),p(6816,12),p(6912,13)),V(v(0,0),v(1536,8),v(2304,15),v(3456,12),v(19200,15),v(25344,8),v(28416,20),v(29184,10),v(34176,6),v(44160,17),v(44544,3),v(46080,9),v(46848,14),v(47616,16),v(61824,20),v(69120,6),v(69120,22),v(69888,1),v(71424,21),v(73728,20),v(78336,16),v(79104,19),v(80256,13),v(80640,15),v(81408,4),v(81792,6),v(86784,15),v(91392,13),v(101376,15),v(102912,16),v(105216,8),v(109056,14),v(110208,23),v(113664,18)))
computeVectorTable...completed
computeMtpCisPairs...completed: 79627 MTPs found
removeTranslationallyEquivalentMtps...DONE: 57259 translationally distinct MTPs
Finding best TEC

Best TEC: (3.56,1.00) T(P(p(18672,21),p(18720,22),p(18768,23),p(18816,24)),V(v(0,0),v(384,7),v(1152,5),v(1536,3),v(1920,10),v(2688,8),v(9216,-4),v(9984,-3),v(14592,5),v(17664,-1),v(19584,-5),v(24960,-11),v(26496,-5),v(49920,0),v(50304,7),v(58368,-3),v(60672,-4),v(62976,-5),v(70656,-2),v(78336,0),v(78720,-10),v(86016,3),v(87552,2),v(99840,-4)))
computeVectorTable...completed
computeMtpCisPairs...completed: 73688 MTPs found
removeTranslationallyEquivalentMtps...DONE: 49417 translationally distinct MTPs
Finding best TEC

Best TEC: (3.40,1.00) T(P(p(39264,17),p(39360,16),p(39456,15),p(39552,14)),V(v(0,0),v(1152,12),v(14976,6),v(15648,13),v(21120,14),v(21504,3),v(21888,-1),v(33024,12),v(43008,3),v(44736,5),v(44928,3),v(45504,6),v(45600,5),v(50592,6),v(50976,2),v(51456,6),v(51840,2),v(52224,7),v(53760,0),v(54048,-3),v(54912,3),v(56064,13),v(56832,7),v(58368,5),v(59904,3),v(63360,1),v(64128,-2),v(72000,17),v(72096,16),v(75552,12),v(78624,19),v(80256,11)))
computeVectorTable...completed
computeMtpCisPairs...completed: 69771 MTPs found
removeTranslationallyEquivalentMtps...DONE: 44346 translationally distinct MTPs
Finding best TEC

Best TEC: (3.20,1.00) T(P(p(10608,29),p(10656,28),p(10704,27),p(10752,26)),V(v(0,0),v(16512,-9),v(26880,1),v(33792,-17),v(35328,-11),v(46848,-10),v(66048,6),v(67584,-15),v(68352,5),v(69888,-16),v(70656,4),v(94848,-12)))
computeVectorTable...completed
computeMtpCisPairs...completed: 63474 MTPs found
removeTranslationallyEquivalentMtps...DONE: 39160 translationally distinct MTPs
Finding best TEC

Best TEC: (2.81,1.00) T(P(p(11520,23),p(12096,23),p(12192,24),p(12288,25)),V(v(0,0),v(12288,-4),v(29184,-2),v(29472,7),v(29568,8),v(29664,-3),v(29952,0),v(46752,-2),v(50208,-11),v(50304,-10),v(53760,1),v(54432,4),v(54528,5)))
computeVectorTable...completed
computeMtpCisPairs...completed: 62161 MTPs found
removeTranslationallyEquivalentMtps...DONE: 37682 translationally distinct MTPs
Finding best TEC

Best TEC: (2.76,1.00) T(P(p(3456,35),p(3744,34),p(3840,33)),V(v(0,0),v(9216,-14),v(10752,-10),v(22272,0),v(22656,-14),v(26112,-15),v(26496,-5),v(39936,-4),v(40704,-8),v(41472,-5),v(42240,-9),v(46080,-7),v(46464,-20),v(80640,-7),v(91392,-13),v(100608,-11),v(102144,-12),v(103680,-8),v(104064,-19),v(104832,-16),v(104832,-14),v(105216,-2),v(110208,-11)))
computeVectorTable...completed
computeMtpCisPairs...completed: 59514 MTPs found
removeTranslationallyEquivalentMtps...DONE: 34749 translationally distinct MTPs
Finding best TEC

Best TEC: (2.75,1.00) T(P(p(18336,26),p(18384,25),p(18432,26)),V(v(0,0),v(3456,7),v(3840,5),v(11136,3),v(18816,5),v(28032,1),v(29568,-2),v(37248,3),v(45648,2),v(46272,-8),v(47232,0),v(52608,4),v(53376,3),v(57984,5),v(59136,4),v(60288,4),v(61440,3),v(62592,3),v(63744,2),v(74496,-4),v(88704,-11),v(94848,0)))
computeVectorTable...completed
computeMtpCisPairs...completed: 53771 MTPs found
removeTranslationallyEquivalentMtps...DONE: 29519 translationally distinct MTPs
Finding best TEC

Best TEC: (2.57,1.00) T(P(p(7584,26),p(7680,27),p(8064,26)),V(v(0,0),v(1920,6),v(5760,-8),v(28032,6),v(39168,-1),v(61824,-5),v(65664,-1),v(65664,1),v(66816,4),v(86880,0),v(104448,-1),v(112512,7)))
computeVectorTable...completed
computeMtpCisPairs...completed: 52020 MTPs found
removeTranslationallyEquivalentMtps...DONE: 27893 translationally distinct MTPs
Finding best TEC

Best TEC: (2.80,1.00) T(P(p(39648,12),p(39744,13),p(39840,14),p(39936,15)),V(v(0,0),v(384,1),v(19968,8),v(27648,12),v(54144,4),v(60288,2),v(61632,4)))
computeVectorTable...completed
computeMtpCisPairs...completed: 50331 MTPs found
removeTranslationallyEquivalentMtps...DONE: 26199 translationally distinct MTPs
Finding best TEC

Best TEC: (2.54,1.00) T(P(p(0,17),p(2304,17),p(3840,17)),V(v(0,0),v(10752,11),v(23040,7),v(29952,6),v(46080,0),v(49152,10),v(52224,14),v(66432,9),v(70656,-3),v(97536,11),v(114432,14)))
computeVectorTable...completed
computeMtpCisPairs...completed: 48540 MTPs found
removeTranslationallyEquivalentMtps...DONE: 24588 translationally distinct MTPs
Finding best TEC

Best TEC: (2.40,0.60) T(P(p(3072,36),p(4512,34),p(4608,35)),V(v(0,0),v(5760,-5),v(19584,-4),v(22272,0),v(67584,-11),v(81408,-12),v(101760,-14),v(115968,-7)))
computeVectorTable...completed
computeMtpCisPairs...completed: 46776 MTPs found
removeTranslationallyEquivalentMtps...DONE: 23220 translationally distinct MTPs
Finding best TEC

Best TEC: (2.33,1.00) T(P(p(30192,16),p(30240,17),p(30288,18)),V(v(0,0),v(432,11),v(2688,3),v(19200,16),v(34992,-3),v(43824,16),v(84480,12)))
computeVectorTable...completed
computeMtpCisPairs...completed: 42745 MTPs found
removeTranslationallyEquivalentMtps...DONE: 21550 translationally distinct MTPs
Finding best TEC

Best TEC: (2.33,1.00) T(P(p(768,21),p(1344,20),p(1536,19)),V(v(0,0),v(10752,11),v(23040,7),v(37632,7),v(46080,0),v(52224,-6),v(90624,7)))
computeVectorTable...completed
computeMtpCisPairs...completed: 41321 MTPs found
removeTranslationallyEquivalentMtps...DONE: 20217 translationally distinct MTPs
Finding best TEC

Best TEC: (2.29,1.00) T(P(p(28128,30),p(28224,29),p(28320,28),p(28416,29)),V(v(0,0),v(10752,-5),v(64512,-16),v(74880,-12)))
computeVectorTable...completed
computeMtpCisPairs...completed: 40220 MTPs found
removeTranslationallyEquivalentMtps...DONE: 19099 translationally distinct MTPs
Finding best TEC

Best TEC: (2.33,1.00) T(P(p(61632,27),p(61728,28),p(61824,29)),V(v(0,0),v(1056,-11),v(6336,0),v(21216,-6),v(32928,-8),v(33408,0),v(33696,-14)))
computeVectorTable...completed
computeMtpCisPairs...completed: 38967 MTPs found
removeTranslationallyEquivalentMtps...DONE: 17704 translationally distinct MTPs
Finding best TEC

Best TEC: (2.29,0.67) T(P(p(71424,10),p(72000,11),p(72768,13),p(73728,15)),V(v(0,0),v(16896,14),v(26880,14),v(43776,17)))
computeVectorTable...completed
computeMtpCisPairs...completed: 37437 MTPs found
removeTranslationallyEquivalentMtps...DONE: 16516 translationally distinct MTPs
Finding best TEC

Best TEC: (2.25,0.60) T(P(p(26784,29),p(26880,28),p(27648,31)),V(v(0,0),v(35328,-14),v(59520,-9),v(62976,-14),v(80640,-5),v(83712,0)))
computeVectorTable...completed
computeMtpCisPairs...completed: 36244 MTPs found
removeTranslationallyEquivalentMtps...DONE: 15341 translationally distinct MTPs
Finding best TEC

Best TEC: (2.14,0.30) T(P(p(24864,29),p(24960,30),p(33792,29)),V(v(0,0),v(16704,-11),v(23808,-4),v(31104,-3),v(77568,-8)))
computeVectorTable...completed
computeMtpCisPairs...completed: 35363 MTPs found
removeTranslationallyEquivalentMtps...DONE: 14428 translationally distinct MTPs
Finding best TEC

Best TEC: (2.00,1.00) T(P(p(40800,16),p(40800,28),p(40896,17)),V(v(0,0),v(71616,4),v(76608,6),v(79680,4)))
computeVectorTable...completed
computeMtpCisPairs...completed: 34141 MTPs found
removeTranslationallyEquivalentMtps...DONE: 13612 translationally distinct MTPs
Finding best TEC

Best TEC: (2.00,0.60) T(P(p(22272,35),p(22944,33),p(23040,34)),V(v(0,0),v(11136,-8),v(42240,-8),v(60864,-13)))
computeVectorTable...completed
computeMtpCisPairs...completed: 33301 MTPs found
removeTranslationallyEquivalentMtps...DONE: 12810 translationally distinct MTPs
Finding best TEC

Best TEC: (2.00,0.60) T(P(p(14112,22),p(14976,19),p(15264,20)),V(v(0,0),v(45312,-3),v(48000,10),v(59520,7)))
computeVectorTable...completed
computeMtpCisPairs...completed: 32506 MTPs found
removeTranslationallyEquivalentMtps...DONE: 12020 translationally distinct MTPs
Finding best TEC

Best TEC: (2.00,0.75) T(P(p(3840,24),p(5376,23),p(5760,24)),V(v(0,0),v(28704,5),v(68352,-7),v(95232,0)))
computeVectorTable...completed
computeMtpCisPairs...completed: 31586 MTPs found
removeTranslationallyEquivalentMtps...DONE: 11274 translationally distinct MTPs
Finding best TEC

Best TEC: (2.00,0.10) T(P(p(9600,21),p(16896,21),p(26112,23)),V(v(0,0),v(30336,2),v(44160,8),v(82848,0)))
computeVectorTable...completed
computeMtpCisPairs...completed: 30756 MTPs found
removeTranslationallyEquivalentMtps...DONE: 10407 translationally distinct MTPs
Finding best TEC

Best TEC: (2.00,0.19) T(P(p(49056,24),p(49152,29),p(51360,31)),V(v(0,0),v(56064,-11),v(57600,-12),v(61440,-4)))
computeVectorTable...completed
computeMtpCisPairs...completed: 29572 MTPs found
removeTranslationallyEquivalentMtps...DONE: 9613 translationally distinct MTPs
Finding best TEC

Best TEC: (2.00,0.09) T(P(p(7200,29),p(7296,30),p(15648,25)),V(v(0,0),v(1920,3),v(29184,2),v(101376,-2)))
computeVectorTable...completed
computeMtpCisPairs...completed: 28367 MTPs found
removeTranslationallyEquivalentMtps...DONE: 8786 translationally distinct MTPs
Finding best TEC

Best TEC: (2.00,0.06) T(P(p(36096,16),p(60192,17),p(63360,18),p(63744,19)),V(v(0,0),v(768,10),v(54144,8)))
computeVectorTable...completed
computeMtpCisPairs...completed: 27299 MTPs found
removeTranslationallyEquivalentMtps...DONE: 8012 translationally distinct MTPs
Finding best TEC

Best TEC: (1.88,1.00) T(P(p(6432,29),p(6528,30)),V(v(0,0),v(9984,-7),v(24192,-11),v(32256,-11),v(43968,-4),v(50304,-3),v(51456,-10),v(51456,-1),v(52800,2),v(78144,-8),v(80064,-8),v(84096,-4),v(92160,-15),v(94272,-11),v(97152,-2),v(112896,-6)))
computeVectorTable...completed
computeMtpCisPairs...completed: 23862 MTPs found
removeTranslationallyEquivalentMtps...DONE: 5895 translationally distinct MTPs
Finding best TEC

Best TEC: (1.86,1.00) T(P(p(5280,30),p(5376,29)),V(v(0,0),v(11136,1),v(13824,-7),v(15360,-4),v(17664,0),v(23808,-10),v(26880,-3),v(31488,-8),v(63744,-7),v(78336,-13),v(80256,-4),v(104448,1),v(115200,-5)))
computeVectorTable...completed
computeMtpCisPairs...completed: 21076 MTPs found
removeTranslationallyEquivalentMtps...DONE: 4422 translationally distinct MTPs
Finding best TEC

Best TEC: (1.82,0.67) T(P(p(16032,25),p(16128,28)),V(v(0,0),v(9120,0),v(18048,-9),v(21120,-6),v(51072,2),v(77184,-5),v(91776,2),v(96384,2),v(96768,-11),v(100224,6)))
computeVectorTable...completed
computeMtpCisPairs...completed: 18653 MTPs found
removeTranslationallyEquivalentMtps...DONE: 3396 translationally distinct MTPs
Finding best TEC

Best TEC: (1.80,0.20) T(P(p(2112,18),p(4416,18),p(9984,21)),V(v(0,0),v(29952,4),v(52224,12)))
computeVectorTable...completed
computeMtpCisPairs...completed: 17493 MTPs found
removeTranslationallyEquivalentMtps...DONE: 3012 translationally distinct MTPs
Finding best TEC

Best TEC: (1.75,0.20) T(P(p(37536,24),p(40608,22)),V(v(0,0),v(672,5),v(14208,8),v(18912,-4),v(58464,-5),v(66816,-7),v(75360,7)))
computeVectorTable...completed
computeMtpCisPairs...completed: 15795 MTPs found
removeTranslationallyEquivalentMtps...DONE: 2392 translationally distinct MTPs
Finding best TEC

Best TEC: (1.71,0.12) T(P(p(4608,19),p(16128,18)),V(v(0,0),v(9216,8),v(16512,12),v(47232,9),v(58272,9),v(80640,1)))
computeVectorTable...completed
computeMtpCisPairs...completed: 14422 MTPs found
removeTranslationallyEquivalentMtps...DONE: 1911 translationally distinct MTPs
Finding best TEC

Best TEC: (1.71,0.08) T(P(p(9216,24),p(52608,24)),V(v(0,0),v(11808,5),v(22560,7),v(55584,-8),v(55968,6),v(60960,4)))
computeVectorTable...completed
computeMtpCisPairs...completed: 13010 MTPs found
removeTranslationallyEquivalentMtps...DONE: 1516 translationally distinct MTPs
Finding best TEC

Best TEC: (1.71,0.02) T(P(p(5760,28),p(34560,30)),V(v(0,0),v(1536,-3),v(5376,-3),v(11040,-7),v(16128,-11),v(57600,-6)))
computeVectorTable...completed
computeMtpCisPairs...completed: 11618 MTPs found
removeTranslationallyEquivalentMtps...DONE: 1183 translationally distinct MTPs
Finding best TEC

Best TEC: (1.67,0.67) T(P(p(12576,18),p(13728,17)),V(v(0,0),v(25056,0),v(63696,14),v(66000,13),v(68304,12)))
computeVectorTable...completed
computeMtpCisPairs...completed: 10318 MTPs found
removeTranslationallyEquivalentMtps...DONE: 1031 translationally distinct MTPs
Finding best TEC

Best TEC: (1.67,0.08) T(P(p(21312,30),p(35712,31)),V(v(0,0),v(4608,-8),v(19584,-1),v(25824,-3),v(32256,-2)))
computeVectorTable...completed
computeMtpCisPairs...completed: 9222 MTPs found
removeTranslationallyEquivalentMtps...DONE: 799 translationally distinct MTPs
Finding best TEC

Best TEC: (1.60,1.00) T(P(p(52128,29),p(52176,30)),V(v(0,0),v(4224,-1),v(59040,3),v(65664,7)))
computeVectorTable...completed
computeMtpCisPairs...completed: 8261 MTPs found
removeTranslationallyEquivalentMtps...DONE: 686 translationally distinct MTPs
Finding best TEC

Best TEC: (1.60,1.00) T(P(p(14400,18),p(14592,19)),V(v(0,0),v(13056,7),v(16896,2),v(102144,3)))
computeVectorTable...completed
computeMtpCisPairs...completed: 7396 MTPs found
removeTranslationallyEquivalentMtps...DONE: 551 translationally distinct MTPs
Finding best TEC

Best TEC: (1.60,1.00) T(P(p(53376,23),p(53760,24)),V(v(0,0),v(1920,-11),v(34176,7),v(61056,-4)))
computeVectorTable...completed
computeMtpCisPairs...completed: 6567 MTPs found
removeTranslationallyEquivalentMtps...DONE: 439 translationally distinct MTPs
Finding best TEC

Best TEC: (1.60,0.67) T(P(p(77808,16),p(80112,15)),V(v(0,0),v(48,-1),v(96,-2),v(32688,16)))
computeVectorTable...completed
computeMtpCisPairs...completed: 5763 MTPs found
removeTranslationallyEquivalentMtps...DONE: 361 translationally distinct MTPs
Finding best TEC

Best TEC: (1.60,0.06) T(P(p(42144,32),p(52512,28)),V(v(0,0),v(14688,-3),v(43200,-8),v(52224,-7)))
computeVectorTable...completed
computeMtpCisPairs...completed: 5027 MTPs found
removeTranslationallyEquivalentMtps...DONE: 279 translationally distinct MTPs
Finding best TEC

Best TEC: (1.60,0.02) T(P(p(9888,31),p(43296,28)),V(v(0,0),v(60672,-7),v(63744,-4),v(64896,1)))
computeVectorTable...completed
computeMtpCisPairs...completed: 4338 MTPs found
removeTranslationallyEquivalentMtps...DONE: 192 translationally distinct MTPs
Finding best TEC

Best TEC: (1.50,1.00) T(P(p(16512,28),p(16896,28)),V(v(0,0),v(5664,6),v(95520,-6)))
computeVectorTable...completed
computeMtpCisPairs...completed: 3837 MTPs found
removeTranslationallyEquivalentMtps...DONE: 149 translationally distinct MTPs
Finding best TEC

Best TEC: (1.50,0.67) T(P(p(11424,24),p(12000,22)),V(v(0,0),v(12288,-4),v(37728,-8)))
computeVectorTable...completed
computeMtpCisPairs...completed: 3358 MTPs found
removeTranslationallyEquivalentMtps...DONE: 115 translationally distinct MTPs
Finding best TEC

Best TEC: (1.50,0.09) T(P(p(15168,29),p(27552,30)),V(v(0,0),v(83616,-16),v(93024,-11)))
computeVectorTable...completed
computeMtpCisPairs...completed: 2896 MTPs found
removeTranslationallyEquivalentMtps...DONE: 97 translationally distinct MTPs
Finding best TEC

Best TEC: (1.50,0.05) T(P(p(9600,17),p(23424,21)),V(v(0,0),v(31872,11),v(37248,-3)))
computeVectorTable...completed
computeMtpCisPairs...completed: 2476 MTPs found
removeTranslationallyEquivalentMtps...DONE: 76 translationally distinct MTPs
Finding best TEC

Best TEC: (1.50,0.04) T(P(p(3072,16),p(14880,24)),V(v(0,0),v(18816,5),v(90624,-4)))
computeVectorTable...completed
computeMtpCisPairs...completed: 2081 MTPs found
removeTranslationallyEquivalentMtps...DONE: 63 translationally distinct MTPs
Finding best TEC

Best TEC: (1.33,1.00) T(P(p(110592,20),p(111168,21)),V(v(0,0),v(576,10)))
computeVectorTable...completed
computeMtpCisPairs...completed: 1839 MTPs found
removeTranslationallyEquivalentMtps...DONE: 51 translationally distinct MTPs
Finding best TEC

Best TEC: (1.33,0.67) T(P(p(72192,12),p(75072,13)),V(v(0,0),v(26880,14)))
computeVectorTable...completed
computeMtpCisPairs...completed: 1609 MTPs found
removeTranslationallyEquivalentMtps...DONE: 43 translationally distinct MTPs
Finding best TEC

Best TEC: (1.33,0.33) T(P(p(50688,12),p(52800,16)),V(v(0,0),v(6336,8)))
computeVectorTable...completed
computeMtpCisPairs...completed: 1393 MTPs found
removeTranslationallyEquivalentMtps...DONE: 37 translationally distinct MTPs
Finding best TEC

Best TEC: (1.33,0.29) T(P(p(82464,30),p(84000,25)),V(v(0,0),v(13536,-7)))
computeVectorTable...completed
computeMtpCisPairs...completed: 1199 MTPs found
removeTranslationallyEquivalentMtps...DONE: 25 translationally distinct MTPs
Finding best TEC

Best TEC: (1.33,0.17) T(P(p(42192,31),p(44064,24)),V(v(0,0),v(21456,3)))
computeVectorTable...completed
computeMtpCisPairs...completed: 1017 MTPs found
removeTranslationallyEquivalentMtps...DONE: 17 translationally distinct MTPs
Finding best TEC

Best TEC: (1.33,0.08) T(P(p(30720,17),p(48192,18)),V(v(0,0),v(35040,6)))
computeVectorTable...completed
computeMtpCisPairs...completed: 851 MTPs found
removeTranslationallyEquivalentMtps...DONE: 9 translationally distinct MTPs
Finding best TEC

Best TEC: (1.33,0.05) T(P(p(23040,22),p(34128,27)),V(v(0,0),v(29184,4)))
computeVectorTable...completed
computeMtpCisPairs...completed: 699 MTPs found
removeTranslationallyEquivalentMtps...DONE: 5 translationally distinct MTPs
Finding best TEC

Best TEC: (1.33,0.04) T(P(p(66336,23),p(74880,28)),V(v(0,0),v(39552,-7)))
computeVectorTable...completed
computeMtpCisPairs...completed: 561 MTPs found
removeTranslationallyEquivalentMtps...DONE: 1 translationally distinct MTPs
Finding best TEC

Best TEC: (1.00,1.00) T(P(p(1920,31)),V(v(0,0),v(10944,-2),v(11520,-7),v(12960,-13),v(14208,-6),v(16368,-4),v(20688,2),v(26880,-1),v(27552,-14),v(27936,-1),v(34080,3),v(37920,0),v(52944,0),v(59088,-5),v(61824,-2),v(62976,-17),v(65952,-7),v(67584,-4),v(67872,-11),v(73344,-19),v(73344,0),v(85632,-10),v(87936,-3),v(90624,-7),v(90864,-8),v(92736,-5),v(105072,-15),v(105216,-11),v(109440,-14),v(110976,-10),v(115584,4),v(116352,3),v(116928,-1),v(118560,-9)))

585514 ms taken to analyse 1664 points

T(P(p(4320,32),p(4416,33),p(4896,34),p(4992,33),p(5088,32),p(5184,31)),V(v(0,0),v(1728,-7),v(3264,-1),v(12480,-3),v(12864,-14),v(22272,0),v(51648,-18),v(53952,-2),v(55104,1),v(57600,-2),v(70080,-14),v(78336,-13),v(83904,0),v(89856,-9),v(91488,-11),v(93888,-12),v(96000,-14),v(96960,-7),v(97344,-12),v(110784,-11),v(113856,-4),v(114624,-11)))
T(P(p(4224,28),p(4512,27),p(4608,26),p(4896,25),p(4992,24)),V(v(0,0),v(10752,-5),v(10752,4),v(27648,2),v(28032,0),v(28800,-6),v(30336,-7),v(33408,2),v(38016,2),v(45312,5),v(49920,-11),v(53760,-4),v(66816,0),v(68352,-7),v(78336,5),v(79104,-1),v(81216,-3),v(82176,7),v(84480,0),v(91392,-12),v(94656,-12),v(95232,0),v(95616,-4),v(100224,-8),v(101760,-9),v(104832,-6),v(104832,-4),v(105600,-8),v(109056,-4),v(112128,3)))
T(P(p(1536,35),p(2208,32),p(2304,33),p(2592,34),p(2688,35)),V(v(0,0),v(19968,-14),v(22272,0),v(28800,-16),v(32640,-7),v(36864,-12),v(46080,-7),v(54528,-11),v(61440,-9),v(76416,-22),v(78720,-23),v(100608,-9),v(115584,-11)))
T(P(p(5664,20),p(5760,19),p(6048,18),p(6144,17)),V(v(0,0),v(1536,-6),v(3072,2),v(5376,11),v(6144,15),v(13824,3),v(15360,6),v(17664,7),v(23040,7),v(25344,11),v(36864,0),v(46080,0),v(59904,2),v(60672,-8),v(61440,-4),v(62208,0),v(63744,13),v(85440,8),v(85632,6),v(86208,0),v(86400,-2),v(90048,-3),v(91008,2),v(92352,-2),v(93696,-7)))
T(P(p(6432,10),p(6528,11),p(6816,12),p(6912,13)),V(v(0,0),v(1536,8),v(2304,15),v(3456,12),v(19200,15),v(25344,8),v(28416,20),v(29184,10),v(34176,6),v(44160,17),v(44544,3),v(46080,9),v(46848,14),v(47616,16),v(61824,20),v(69120,6),v(69120,22),v(69888,1),v(71424,21),v(73728,20),v(78336,16),v(79104,19),v(80256,13),v(80640,15),v(81408,4),v(81792,6),v(86784,15),v(91392,13),v(101376,15),v(102912,16),v(105216,8),v(109056,14),v(110208,23),v(113664,18)))
T(P(p(18672,21),p(18720,22),p(18768,23),p(18816,24)),V(v(0,0),v(384,7),v(1152,5),v(1536,3),v(1920,10),v(2688,8),v(9216,-4),v(9984,-3),v(14592,5),v(17664,-1),v(19584,-5),v(24960,-11),v(26496,-5),v(49920,0),v(50304,7),v(58368,-3),v(60672,-4),v(62976,-5),v(70656,-2),v(78336,0),v(78720,-10),v(86016,3),v(87552,2),v(99840,-4)))
T(P(p(39264,17),p(39360,16),p(39456,15),p(39552,14)),V(v(0,0),v(1152,12),v(14976,6),v(15648,13),v(21120,14),v(21504,3),v(21888,-1),v(33024,12),v(43008,3),v(44736,5),v(44928,3),v(45504,6),v(45600,5),v(50592,6),v(50976,2),v(51456,6),v(51840,2),v(52224,7),v(53760,0),v(54048,-3),v(54912,3),v(56064,13),v(56832,7),v(58368,5),v(59904,3),v(63360,1),v(64128,-2),v(72000,17),v(72096,16),v(75552,12),v(78624,19),v(80256,11)))
T(P(p(10608,29),p(10656,28),p(10704,27),p(10752,26)),V(v(0,0),v(16512,-9),v(26880,1),v(33792,-17),v(35328,-11),v(46848,-10),v(66048,6),v(67584,-15),v(68352,5),v(69888,-16),v(70656,4),v(94848,-12)))
T(P(p(11520,23),p(12096,23),p(12192,24),p(12288,25)),V(v(0,0),v(12288,-4),v(29184,-2),v(29472,7),v(29568,8),v(29664,-3),v(29952,0),v(46752,-2),v(50208,-11),v(50304,-10),v(53760,1),v(54432,4),v(54528,5)))
T(P(p(3456,35),p(3744,34),p(3840,33)),V(v(0,0),v(9216,-14),v(10752,-10),v(22272,0),v(22656,-14),v(26112,-15),v(26496,-5),v(39936,-4),v(40704,-8),v(41472,-5),v(42240,-9),v(46080,-7),v(46464,-20),v(80640,-7),v(91392,-13),v(100608,-11),v(102144,-12),v(103680,-8),v(104064,-19),v(104832,-16),v(104832,-14),v(105216,-2),v(110208,-11)))
T(P(p(18336,26),p(18384,25),p(18432,26)),V(v(0,0),v(3456,7),v(3840,5),v(11136,3),v(18816,5),v(28032,1),v(29568,-2),v(37248,3),v(45648,2),v(46272,-8),v(47232,0),v(52608,4),v(53376,3),v(57984,5),v(59136,4),v(60288,4),v(61440,3),v(62592,3),v(63744,2),v(74496,-4),v(88704,-11),v(94848,0)))
T(P(p(7584,26),p(7680,27),p(8064,26)),V(v(0,0),v(1920,6),v(5760,-8),v(28032,6),v(39168,-1),v(61824,-5),v(65664,-1),v(65664,1),v(66816,4),v(86880,0),v(104448,-1),v(112512,7)))
T(P(p(39648,12),p(39744,13),p(39840,14),p(39936,15)),V(v(0,0),v(384,1),v(19968,8),v(27648,12),v(54144,4),v(60288,2),v(61632,4)))
T(P(p(0,17),p(2304,17),p(3840,17)),V(v(0,0),v(10752,11),v(23040,7),v(29952,6),v(46080,0),v(49152,10),v(52224,14),v(66432,9),v(70656,-3),v(97536,11),v(114432,14)))
T(P(p(3072,36),p(4512,34),p(4608,35)),V(v(0,0),v(5760,-5),v(19584,-4),v(22272,0),v(67584,-11),v(81408,-12),v(101760,-14),v(115968,-7)))
T(P(p(30192,16),p(30240,17),p(30288,18)),V(v(0,0),v(432,11),v(2688,3),v(19200,16),v(34992,-3),v(43824,16),v(84480,12)))
T(P(p(768,21),p(1344,20),p(1536,19)),V(v(0,0),v(10752,11),v(23040,7),v(37632,7),v(46080,0),v(52224,-6),v(90624,7)))
T(P(p(28128,30),p(28224,29),p(28320,28),p(28416,29)),V(v(0,0),v(10752,-5),v(64512,-16),v(74880,-12)))
T(P(p(61632,27),p(61728,28),p(61824,29)),V(v(0,0),v(1056,-11),v(6336,0),v(21216,-6),v(32928,-8),v(33408,0),v(33696,-14)))
T(P(p(71424,10),p(72000,11),p(72768,13),p(73728,15)),V(v(0,0),v(16896,14),v(26880,14),v(43776,17)))
T(P(p(26784,29),p(26880,28),p(27648,31)),V(v(0,0),v(35328,-14),v(59520,-9),v(62976,-14),v(80640,-5),v(83712,0)))
T(P(p(24864,29),p(24960,30),p(33792,29)),V(v(0,0),v(16704,-11),v(23808,-4),v(31104,-3),v(77568,-8)))
T(P(p(40800,16),p(40800,28),p(40896,17)),V(v(0,0),v(71616,4),v(76608,6),v(79680,4)))
T(P(p(22272,35),p(22944,33),p(23040,34)),V(v(0,0),v(11136,-8),v(42240,-8),v(60864,-13)))
T(P(p(14112,22),p(14976,19),p(15264,20)),V(v(0,0),v(45312,-3),v(48000,10),v(59520,7)))
T(P(p(3840,24),p(5376,23),p(5760,24)),V(v(0,0),v(28704,5),v(68352,-7),v(95232,0)))
T(P(p(9600,21),p(16896,21),p(26112,23)),V(v(0,0),v(30336,2),v(44160,8),v(82848,0)))
T(P(p(49056,24),p(49152,29),p(51360,31)),V(v(0,0),v(56064,-11),v(57600,-12),v(61440,-4)))
T(P(p(7200,29),p(7296,30),p(15648,25)),V(v(0,0),v(1920,3),v(29184,2),v(101376,-2)))
T(P(p(36096,16),p(60192,17),p(63360,18),p(63744,19)),V(v(0,0),v(768,10),v(54144,8)))
T(P(p(6432,29),p(6528,30)),V(v(0,0),v(9984,-7),v(24192,-11),v(32256,-11),v(43968,-4),v(50304,-3),v(51456,-10),v(51456,-1),v(52800,2),v(78144,-8),v(80064,-8),v(84096,-4),v(92160,-15),v(94272,-11),v(97152,-2),v(112896,-6)))
T(P(p(5280,30),p(5376,29)),V(v(0,0),v(11136,1),v(13824,-7),v(15360,-4),v(17664,0),v(23808,-10),v(26880,-3),v(31488,-8),v(63744,-7),v(78336,-13),v(80256,-4),v(104448,1),v(115200,-5)))
T(P(p(16032,25),p(16128,28)),V(v(0,0),v(9120,0),v(18048,-9),v(21120,-6),v(51072,2),v(77184,-5),v(91776,2),v(96384,2),v(96768,-11),v(100224,6)))
T(P(p(2112,18),p(4416,18),p(9984,21)),V(v(0,0),v(29952,4),v(52224,12)))
T(P(p(37536,24),p(40608,22)),V(v(0,0),v(672,5),v(14208,8),v(18912,-4),v(58464,-5),v(66816,-7),v(75360,7)))
T(P(p(4608,19),p(16128,18)),V(v(0,0),v(9216,8),v(16512,12),v(47232,9),v(58272,9),v(80640,1)))
T(P(p(9216,24),p(52608,24)),V(v(0,0),v(11808,5),v(22560,7),v(55584,-8),v(55968,6),v(60960,4)))
T(P(p(5760,28),p(34560,30)),V(v(0,0),v(1536,-3),v(5376,-3),v(11040,-7),v(16128,-11),v(57600,-6)))
T(P(p(12576,18),p(13728,17)),V(v(0,0),v(25056,0),v(63696,14),v(66000,13),v(68304,12)))
T(P(p(21312,30),p(35712,31)),V(v(0,0),v(4608,-8),v(19584,-1),v(25824,-3),v(32256,-2)))
T(P(p(52128,29),p(52176,30)),V(v(0,0),v(4224,-1),v(59040,3),v(65664,7)))
T(P(p(14400,18),p(14592,19)),V(v(0,0),v(13056,7),v(16896,2),v(102144,3)))
T(P(p(53376,23),p(53760,24)),V(v(0,0),v(1920,-11),v(34176,7),v(61056,-4)))
T(P(p(77808,16),p(80112,15)),V(v(0,0),v(48,-1),v(96,-2),v(32688,16)))
T(P(p(42144,32),p(52512,28)),V(v(0,0),v(14688,-3),v(43200,-8),v(52224,-7)))
T(P(p(9888,31),p(43296,28)),V(v(0,0),v(60672,-7),v(63744,-4),v(64896,1)))
T(P(p(16512,28),p(16896,28)),V(v(0,0),v(5664,6),v(95520,-6)))
T(P(p(11424,24),p(12000,22)),V(v(0,0),v(12288,-4),v(37728,-8)))
T(P(p(15168,29),p(27552,30)),V(v(0,0),v(83616,-16),v(93024,-11)))
T(P(p(9600,17),p(23424,21)),V(v(0,0),v(31872,11),v(37248,-3)))
T(P(p(3072,16),p(14880,24)),V(v(0,0),v(18816,5),v(90624,-4)))
T(P(p(110592,20),p(111168,21)),V(v(0,0),v(576,10)))
T(P(p(72192,12),p(75072,13)),V(v(0,0),v(26880,14)))
T(P(p(50688,12),p(52800,16)),V(v(0,0),v(6336,8)))
T(P(p(82464,30),p(84000,25)),V(v(0,0),v(13536,-7)))
T(P(p(42192,31),p(44064,24)),V(v(0,0),v(21456,3)))
T(P(p(30720,17),p(48192,18)),V(v(0,0),v(35040,6)))
T(P(p(23040,22),p(34128,27)),V(v(0,0),v(29184,4)))
T(P(p(66336,23),p(74880,28)),V(v(0,0),v(39552,-7)))
T(P(p(1920,31)),V(v(0,0),v(10944,-2),v(11520,-7),v(12960,-13),v(14208,-6),v(16368,-4),v(20688,2),v(26880,-1),v(27552,-14),v(27936,-1),v(34080,3),v(37920,0),v(52944,0),v(59088,-5),v(61824,-2),v(62976,-17),v(65952,-7),v(67584,-4),v(67872,-11),v(73344,-19),v(73344,0),v(85632,-10),v(87936,-3),v(90624,-7),v(90864,-8),v(92736,-5),v(105072,-15),v(105216,-11),v(109440,-14),v(110976,-10),v(115584,4),v(116352,3),v(116928,-1),v(118560,-9)))

Number of TECs: 60
Encoding length: 632
Number of notes: 1664
Encoding length without residual point set: 598
Number and proportion of residual points: 34, 2.04%
Compression ratio: 2.63
Compression ratio excluding residual point set: 2.73
Maximum time in tatums: 120576
Minimum time in tatums: 0
Maximum pitch: 37
Minimum pitch: 9
Running time: 585514 milliseconds
/Users/dave/Documents/Work/Research/2015-02-07-workspace/ContrapunctusVI//score.midi-diat.cos
